1694698492169	geckodriver	INFO	Listening on 127.0.0.1:53988
1694698495241	mozrunner::runner	INFO	Running command: "C:\\Program Files\\Mozilla Firefox\\firefox.exe" "--marionette" "-headless" "--remote-debugging-port" "53989" "--remote-allow-hosts" "localhost" "-no-remote" "-profile" "C:\\Users\\Diep\\AppData\\Local\\Temp\\rust_mozprofiledGKLjf"
*** You are running in headless mode.
console.warn: services.settings: Ignoring preference override of remote settings server
console.warn: services.settings: Allow by setting MOZ_REMOTE_SETTINGS_DEVTOOLS=1 in the environment
1694698495449	Marionette	INFO	Marionette enabled
Dynamically enable window occlusion 0
1694698495497	Marionette	INFO	Listening on port 54028
WebDriver BiDi listening on ws://127.0.0.1:53989
Read port: 54028
1694698495626	RemoteAgent	WARN	TLS certificate errors will be ignored for this session
[GFX1-]: RenderCompositorSWGL failed mapping default framebuffer, no dt
console.error: ({})
DevTools listening on ws://127.0.0.1:53989/devtools/browser/4091fd4d-3c84-4a95-9316-375ae5e6fbe2
JavaScript error: file:///D:/01Projects/03KhoBac/khobac-crawler/types/main.html, line 3: ReferenceError: AdfLogger is not defined
JavaScript error: file:///D:/01Projects/03KhoBac/khobac-crawler/types/main.html, line 4: ReferenceError: $ is not defined
JavaScript error: file:///D:/01Projects/03KhoBac/khobac-crawler/types/main.html, line 20: ReferenceError: AdfDhtmlPage is not defined
1694698496291	Marionette	WARN	Ignoring event 'pageshow' because document has an invalid readyState of 'uninitialized'.
JavaScript error: file:///D:/01Projects/03KhoBac/khobac-crawler/types/main.html, line 111: ReferenceError: AdfBootstrap is not defined
JavaScript error: file:///D:/01Projects/03KhoBac/khobac-crawler/types/main.html, line 111: ReferenceError: AdfBootstrap is not defined
JavaScript error: file:///D:/01Projects/03KhoBac/khobac-crawler/types/main.html, line 3: ReferenceError: AdfLogger is not defined
JavaScript error: file:///D:/01Projects/03KhoBac/khobac-crawler/types/main.html, line 4: ReferenceError: $ is not defined
JavaScript error: file:///D:/01Projects/03KhoBac/khobac-crawler/types/main.html, line 20: ReferenceError: AdfDhtmlPage is not defined
1694698496358	Marionette	WARN	Ignoring event 'pageshow' because document has an invalid readyState of 'uninitialized'.
JavaScript error: file:///D:/01Projects/03KhoBac/khobac-crawler/types/main.html, line 111: ReferenceError: AdfBootstrap is not defined
JavaScript error: file:///D:/01Projects/03KhoBac/khobac-crawler/types/main.html, line 111: ReferenceError: AdfBootstrap is not defined
1694698501826	Marionette	INFO	Stopped listening on port 54028
Dynamically enable window occlusion 1
1694698575880	geckodriver	INFO	Listening on 127.0.0.1:54162
1694698578950	mozrunner::runner	INFO	Running command: "C:\\Program Files\\Mozilla Firefox\\firefox.exe" "--marionette" "--headless" "--remote-debugging-port" "54163" "--remote-allow-hosts" "localhost" "-no-remote" "-profile" "C:\\Users\\Diep\\AppData\\Local\\Temp\\rust_mozprofilecTke9q"
*** You are running in headless mode.
console.warn: services.settings: Ignoring preference override of remote settings server
console.warn: services.settings: Allow by setting MOZ_REMOTE_SETTINGS_DEVTOOLS=1 in the environment
1694698579133	Marionette	INFO	Marionette enabled
Dynamically enable window occlusion 0
1694698579173	Marionette	INFO	Listening on port 54183
WebDriver BiDi listening on ws://127.0.0.1:54163
Read port: 54183
1694698579309	RemoteAgent	WARN	TLS certificate errors will be ignored for this session
[GFX1-]: RenderCompositorSWGL failed mapping default framebuffer, no dt
console.error: ({})
DevTools listening on ws://127.0.0.1:54163/devtools/browser/08356acf-a8b0-418c-9362-6dd3175a3830
JavaScript error: file:///D:/01Projects/03KhoBac/khobac-crawler/types/main.html, line 3: ReferenceError: AdfLogger is not defined
JavaScript error: file:///D:/01Projects/03KhoBac/khobac-crawler/types/main.html, line 4: ReferenceError: $ is not defined
JavaScript error: file:///D:/01Projects/03KhoBac/khobac-crawler/types/main.html, line 20: ReferenceError: AdfDhtmlPage is not defined
1694698579941	Marionette	WARN	Ignoring event 'pageshow' because document has an invalid readyState of 'uninitialized'.
JavaScript error: file:///D:/01Projects/03KhoBac/khobac-crawler/types/main.html, line 111: ReferenceError: AdfBootstrap is not defined
JavaScript error: file:///D:/01Projects/03KhoBac/khobac-crawler/types/main.html, line 111: ReferenceError: AdfBootstrap is not defined
JavaScript error: file:///D:/01Projects/03KhoBac/khobac-crawler/types/main.html, line 3: ReferenceError: AdfLogger is not defined
JavaScript error: file:///D:/01Projects/03KhoBac/khobac-crawler/types/main.html, line 4: ReferenceError: $ is not defined
JavaScript error: file:///D:/01Projects/03KhoBac/khobac-crawler/types/main.html, line 20: ReferenceError: AdfDhtmlPage is not defined
1694698579993	Marionette	WARN	Ignoring event 'pageshow' because document has an invalid readyState of 'uninitialized'.
JavaScript error: file:///D:/01Projects/03KhoBac/khobac-crawler/types/main.html, line 111: ReferenceError: AdfBootstrap is not defined
JavaScript error: file:///D:/01Projects/03KhoBac/khobac-crawler/types/main.html, line 111: ReferenceError: AdfBootstrap is not defined
1694698585420	Marionette	INFO	Stopped listening on port 54183
Dynamically enable window occlusion 1
1694789299516	geckodriver	INFO	Listening on 127.0.0.1:51500
1694789302559	mozrunner::runner	INFO	Running command: "C:\\Program Files\\Mozilla Firefox\\firefox.exe" "--marionette" "--headless" "--remote-debugging-port" "51501" "--remote-allow-hosts" "localhost" "-no-remote" "-profile" "C:\\Users\\Diep\\AppData\\Local\\Temp\\rust_mozprofileGJPhP2"
*** You are running in headless mode.
console.warn: services.settings: Ignoring preference override of remote settings server
console.warn: services.settings: Allow by setting MOZ_REMOTE_SETTINGS_DEVTOOLS=1 in the environment
1694789302842	Marionette	INFO	Marionette enabled
Dynamically enable window occlusion 0
1694789302941	Marionette	INFO	Listening on port 51523
WebDriver BiDi listening on ws://127.0.0.1:51501
Read port: 51523
1694789303103	RemoteAgent	WARN	TLS certificate errors will be ignored for this session
[GFX1-]: RenderCompositorSWGL failed mapping default framebuffer, no dt
console.error: ({})
DevTools listening on ws://127.0.0.1:51501/devtools/browser/0fcb3350-c5cf-4472-8002-af47125457bc
JavaScript error: file:///D:/01Projects/03KhoBac/khobac-crawler/types/main.html, line 3: ReferenceError: AdfLogger is not defined
JavaScript error: file:///D:/01Projects/03KhoBac/khobac-crawler/types/main.html, line 4: ReferenceError: $ is not defined
JavaScript error: file:///D:/01Projects/03KhoBac/khobac-crawler/types/main.html, line 20: ReferenceError: AdfDhtmlPage is not defined
1694789303837	Marionette	WARN	Ignoring event 'pageshow' because document has an invalid readyState of 'uninitialized'.
JavaScript error: file:///D:/01Projects/03KhoBac/khobac-crawler/types/main.html, line 111: ReferenceError: AdfBootstrap is not defined
JavaScript error: file:///D:/01Projects/03KhoBac/khobac-crawler/types/main.html, line 111: ReferenceError: AdfBootstrap is not defined
JavaScript error: file:///D:/01Projects/03KhoBac/khobac-crawler/types/main.html, line 3: ReferenceError: AdfLogger is not defined
JavaScript error: file:///D:/01Projects/03KhoBac/khobac-crawler/types/main.html, line 4: ReferenceError: $ is not defined
JavaScript error: file:///D:/01Projects/03KhoBac/khobac-crawler/types/main.html, line 20: ReferenceError: AdfDhtmlPage is not defined
1694789303891	Marionette	WARN	Ignoring event 'pageshow' because document has an invalid readyState of 'uninitialized'.
JavaScript error: file:///D:/01Projects/03KhoBac/khobac-crawler/types/main.html, line 111: ReferenceError: AdfBootstrap is not defined
JavaScript error: file:///D:/01Projects/03KhoBac/khobac-crawler/types/main.html, line 111: ReferenceError: AdfBootstrap is not defined
1694789309267	Marionette	INFO	Stopped listening on port 51523
Dynamically enable window occlusion 1
1695049566656	geckodriver	INFO	Listening on 127.0.0.1:55446
1695049569696	mozrunner::runner	INFO	Running command: "C:\\Program Files\\Mozilla Firefox\\firefox.exe" "--marionette" "--headless" "--remote-debugging-port" "55447" "--remote-allow-hosts" "localhost" "-no-remote" "-profile" "C:\\Users\\Diep\\AppData\\Local\\Temp\\rust_mozprofilePPVZR6"
*** You are running in headless mode.
console.warn: services.settings: Ignoring preference override of remote settings server
console.warn: services.settings: Allow by setting MOZ_REMOTE_SETTINGS_DEVTOOLS=1 in the environment
1695049569918	Marionette	INFO	Marionette enabled
Dynamically enable window occlusion 0
1695049569968	Marionette	INFO	Listening on port 55481
WebDriver BiDi listening on ws://127.0.0.1:55447
Read port: 55481
1695049570128	RemoteAgent	WARN	TLS certificate errors will be ignored for this session
[GFX1-]: RenderCompositorSWGL failed mapping default framebuffer, no dt
console.error: ({})
DevTools listening on ws://127.0.0.1:55447/devtools/browser/c20e1dd2-fd8e-45d4-81d3-fbe6d3263bdf
1695049570806	Marionette	WARN	Ignoring event 'pageshow' because document has an invalid readyState of 'uninitialized'.
1695049570864	Marionette	INFO	Stopped listening on port 55481
Dynamically enable window occlusion 1
console.error: (new AbortError("IndexedDB: main/partitioning-exempt-urls list() IndexedDB:  execute() A request was aborted, for example through a call to IDBTransaction.abort.", "resource://services-settings/IDBHelpers.sys.mjs", 16))
console.error: (new AbortError("IndexedDB: main/doh-providers list() IndexedDB:  execute() A request was aborted, for example through a call to IDBTransaction.abort.", "resource://services-settings/IDBHelpers.sys.mjs", 16))
console.error: (new Error("IndexedDB: main/doh-config getLastModified() IndexedDB:  execute() The application is shutting down", "resource://services-settings/IDBHelpers.sys.mjs", 16))
1695049595711	geckodriver	INFO	Listening on 127.0.0.1:55563
1695049598769	mozrunner::runner	INFO	Running command: "C:\\Program Files\\Mozilla Firefox\\firefox.exe" "--marionette" "--headless" "--remote-debugging-port" "55564" "--remote-allow-hosts" "localhost" "-no-remote" "-profile" "C:\\Users\\Diep\\AppData\\Local\\Temp\\rust_mozprofilecU4O8n"
*** You are running in headless mode.
console.warn: services.settings: Ignoring preference override of remote settings server
console.warn: services.settings: Allow by setting MOZ_REMOTE_SETTINGS_DEVTOOLS=1 in the environment
1695049598962	Marionette	INFO	Marionette enabled
Dynamically enable window occlusion 0
1695049599003	Marionette	INFO	Listening on port 55590
WebDriver BiDi listening on ws://127.0.0.1:55564
Read port: 55590
1695049599140	RemoteAgent	WARN	TLS certificate errors will be ignored for this session
[GFX1-]: RenderCompositorSWGL failed mapping default framebuffer, no dt
console.error: ({})
DevTools listening on ws://127.0.0.1:55564/devtools/browser/018e0a85-c8dc-4d1a-a23e-c591f79b6f76
1695049599721	Marionette	WARN	Ignoring event 'pageshow' because document has an invalid readyState of 'uninitialized'.
1695049599771	Marionette	INFO	Stopped listening on port 55590
Dynamically enable window occlusion 1
console.error: Region.sys.mjs: "Error fetching region" (new TypeError("NetworkError when attempting to fetch resource.", ""))
console.error: Region.sys.mjs: "Failed to fetch region" (new Error("NO_RESULT", "resource://gre/modules/Region.sys.mjs", 411))
console.error: services.settings: 
  main/partitioning-exempt-urls Signature failed  TypeError: NetworkError: Network request failed
console.error: (new NetworkError("Network error: TypeError: NetworkError: Network request failed", "resource://services-settings/RemoteSettingsClient.sys.mjs", 107))
1695049620124	geckodriver	INFO	Listening on 127.0.0.1:55684
1695049623186	mozrunner::runner	INFO	Running command: "C:\\Program Files\\Mozilla Firefox\\firefox.exe" "--marionette" "--headless" "--remote-debugging-port" "55685" "--remote-allow-hosts" "localhost" "-no-remote" "-profile" "C:\\Users\\Diep\\AppData\\Local\\Temp\\rust_mozprofile82yJ4o"
*** You are running in headless mode.
console.warn: services.settings: Ignoring preference override of remote settings server
console.warn: services.settings: Allow by setting MOZ_REMOTE_SETTINGS_DEVTOOLS=1 in the environment
1695049623382	Marionette	INFO	Marionette enabled
Dynamically enable window occlusion 0
1695049623423	Marionette	INFO	Listening on port 55705
WebDriver BiDi listening on ws://127.0.0.1:55685
Read port: 55705
1695049623561	RemoteAgent	WARN	TLS certificate errors will be ignored for this session
[GFX1-]: RenderCompositorSWGL failed mapping default framebuffer, no dt
console.error: ({})
DevTools listening on ws://127.0.0.1:55685/devtools/browser/99d61c90-55c7-47d9-a351-6733ee9c7312
1695049624232	Marionette	WARN	Ignoring event 'pageshow' because document has an invalid readyState of 'uninitialized'.
1695049624281	Marionette	INFO	Stopped listening on port 55705
Dynamically enable window occlusion 1
console.error: services.settings: 
  main/partitioning-exempt-urls Signature failed  TypeError: NetworkError: Network request failed
console.error: (new AbortError("IndexedDB: main/doh-providers list() IndexedDB:  execute() A request was aborted, for example through a call to IDBTransaction.abort.", "resource://services-settings/IDBHelpers.sys.mjs", 16))
console.error: (new NetworkError("Network error: TypeError: NetworkError: Network request failed", "resource://services-settings/RemoteSettingsClient.sys.mjs", 107))
console.error: (new Error("IndexedDB: main/doh-config getLastModified() IndexedDB:  execute() The application is shutting down", "resource://services-settings/IDBHelpers.sys.mjs", 16))
1695049723708	geckodriver	INFO	Listening on 127.0.0.1:55919
1695049726777	mozrunner::runner	INFO	Running command: "C:\\Program Files\\Mozilla Firefox\\firefox.exe" "--marionette" "--headless" "--remote-debugging-port" "55920" "--remote-allow-hosts" "localhost" "-no-remote" "-profile" "C:\\Users\\Diep\\AppData\\Local\\Temp\\rust_mozprofiledejb9k"
*** You are running in headless mode.
console.warn: services.settings: Ignoring preference override of remote settings server
console.warn: services.settings: Allow by setting MOZ_REMOTE_SETTINGS_DEVTOOLS=1 in the environment
1695049726969	Marionette	INFO	Marionette enabled
Dynamically enable window occlusion 0
1695049727011	Marionette	INFO	Listening on port 55941
WebDriver BiDi listening on ws://127.0.0.1:55920
Read port: 55941
1695049727145	RemoteAgent	WARN	TLS certificate errors will be ignored for this session
[GFX1-]: RenderCompositorSWGL failed mapping default framebuffer, no dt
console.error: ({})
DevTools listening on ws://127.0.0.1:55920/devtools/browser/b06bdab5-a9b8-4bae-b41d-dd7049c324b9
1695049727793	Marionette	WARN	Ignoring event 'pageshow' because document has an invalid readyState of 'uninitialized'.
1695049727841	Marionette	INFO	Stopped listening on port 55941
Dynamically enable window occlusion 1
console.error: services.settings: 
  main/partitioning-exempt-urls Signature failed  TypeError: NetworkError: Network request failed
console.error: (new NetworkError("Network error: TypeError: NetworkError: Network request failed", "resource://services-settings/RemoteSettingsClient.sys.mjs", 107))
console.error: (new AbortError("IndexedDB: main/doh-config getLastModified() IndexedDB:  execute() A request was aborted, for example through a call to IDBTransaction.abort.", "resource://services-settings/IDBHelpers.sys.mjs", 16))
1695049767698	geckodriver	INFO	Listening on 127.0.0.1:56030
1695049770767	mozrunner::runner	INFO	Running command: "C:\\Program Files\\Mozilla Firefox\\firefox.exe" "--marionette" "--headless" "--remote-debugging-port" "56031" "--remote-allow-hosts" "localhost" "-no-remote" "-profile" "C:\\Users\\Diep\\AppData\\Local\\Temp\\rust_mozprofileTkriX3"
*** You are running in headless mode.
console.warn: services.settings: Ignoring preference override of remote settings server
console.warn: services.settings: Allow by setting MOZ_REMOTE_SETTINGS_DEVTOOLS=1 in the environment
1695049770953	Marionette	INFO	Marionette enabled
Dynamically enable window occlusion 0
1695049770995	Marionette	INFO	Listening on port 56050
WebDriver BiDi listening on ws://127.0.0.1:56031
Read port: 56050
1695049771124	RemoteAgent	WARN	TLS certificate errors will be ignored for this session
[GFX1-]: RenderCompositorSWGL failed mapping default framebuffer, no dt
console.error: ({})
DevTools listening on ws://127.0.0.1:56031/devtools/browser/5f9c0f9a-da02-417f-b4ce-56b07cd3b959
1695049771788	Marionette	WARN	Ignoring event 'pageshow' because document has an invalid readyState of 'uninitialized'.
1695049771837	Marionette	INFO	Stopped listening on port 56050
Dynamically enable window occlusion 1
console.error: (new AbortError("IndexedDB: main/doh-providers list() IndexedDB:  execute() A request was aborted, for example through a call to IDBTransaction.abort.", "resource://services-settings/IDBHelpers.sys.mjs", 16))
console.error: (new Error("IndexedDB: main/doh-config getLastModified() IndexedDB:  execute() The application is shutting down", "resource://services-settings/IDBHelpers.sys.mjs", 16))
1695049892976	geckodriver	INFO	Listening on 127.0.0.1:56241
1695049896034	mozrunner::runner	INFO	Running command: "C:\\Program Files\\Mozilla Firefox\\firefox.exe" "--marionette" "--headless" "--remote-debugging-port" "56242" "--remote-allow-hosts" "localhost" "-no-remote" "-profile" "C:\\Users\\Diep\\AppData\\Local\\Temp\\rust_mozprofilelQ8lGh"
*** You are running in headless mode.
console.warn: services.settings: Ignoring preference override of remote settings server
console.warn: services.settings: Allow by setting MOZ_REMOTE_SETTINGS_DEVTOOLS=1 in the environment
1695049896229	Marionette	INFO	Marionette enabled
Dynamically enable window occlusion 0
1695049896272	Marionette	INFO	Listening on port 56265
WebDriver BiDi listening on ws://127.0.0.1:56242
Read port: 56265
1695049896418	RemoteAgent	WARN	TLS certificate errors will be ignored for this session
[GFX1-]: RenderCompositorSWGL failed mapping default framebuffer, no dt
console.error: ({})
DevTools listening on ws://127.0.0.1:56242/devtools/browser/7a7813d7-4596-4342-815f-45c89d2d20ed
1695049897020	Marionette	WARN	Ignoring event 'pageshow' because document has an invalid readyState of 'uninitialized'.
1695049897075	Marionette	INFO	Stopped listening on port 56265
Dynamically enable window occlusion 1
console.error: services.settings: 
  main/partitioning-exempt-urls Signature failed  TypeError: NetworkError: Network request failed
console.error: Region.sys.mjs: "Error fetching region" (new TypeError("NetworkError when attempting to fetch resource.", ""))
console.error: Region.sys.mjs: "Failed to fetch region" (new Error("NO_RESULT", "resource://gre/modules/Region.sys.mjs", 411))
console.error: (new NetworkError("Network error: TypeError: NetworkError: Network request failed", "resource://services-settings/RemoteSettingsClient.sys.mjs", 107))
Invalid port. Exiting...
Invalid port. Exiting...
1702957178882	geckodriver	INFO	Listening on 127.0.0.1:62273
1702957181895	mozrunner::runner	INFO	Running command: "C:\\Program Files\\Mozilla Firefox\\firefox.exe" "--marionette" "--remote-debugging-port" "62274" "--remote-allow-hosts" "localhost" "-no-remote" "-profile" "C:\\Users\\DIEP~1.HUY\\AppData\\Local\\Temp\\rust_mozprofiletfj8W7"
console.warn: services.settings: Ignoring preference override of remote settings server
console.warn: services.settings: Allow by setting MOZ_REMOTE_SETTINGS_DEVTOOLS=1 in the environment
1702957182212	Marionette	INFO	Marionette enabled
Dynamically enable window occlusion 0
console.error: Policies.jsm: 
  OfferToSaveLoginsDefault ignored because OfferToSaveLogins is present.
1702957182285	Marionette	INFO	Listening on port 58441
WebDriver BiDi listening on ws://127.0.0.1:62274
Read port: 58441
1702957182462	RemoteAgent	WARN	TLS certificate errors will be ignored for this session
DevTools listening on ws://127.0.0.1:62274/devtools/browser/e6ce5ab5-29a5-4f7a-aff7-861fd4aad3a8
console.error: services.settings: 
  main/search-config-v2 Signature failed  InvalidSignatureError: Invalid content signature (main/search-config-v2) using 'remote-settings.content-signature.mozilla.org-2024-01-19-16-42-21.chain'
console.error: services.settings: 
  main/search-config-v2 local data was corrupted
console.warn: services.settings: main/search-config-v2 Signature verified failed. Retry from scratch
1702957247165	Marionette	INFO	Stopped listening on port 58441
Dynamically enable window occlusion 1
1702957249431	geckodriver	INFO	Listening on 127.0.0.1:63947
1702957252491	mozrunner::runner	INFO	Running command: "C:\\Program Files\\Mozilla Firefox\\firefox.exe" "--marionette" "--remote-debugging-port" "63948" "--remote-allow-hosts" "localhost" "-no-remote" "-profile" "C:\\Users\\DIEP~1.HUY\\AppData\\Local\\Temp\\rust_mozprofileWpVhXC"
console.warn: services.settings: Ignoring preference override of remote settings server
console.warn: services.settings: Allow by setting MOZ_REMOTE_SETTINGS_DEVTOOLS=1 in the environment
1702957252765	Marionette	INFO	Marionette enabled
Dynamically enable window occlusion 0
console.error: Policies.jsm: 
  OfferToSaveLoginsDefault ignored because OfferToSaveLogins is present.
1702957252821	Marionette	INFO	Listening on port 51074
Read port: 51074
WebDriver BiDi listening on ws://127.0.0.1:63948
1702957252941	RemoteAgent	WARN	TLS certificate errors will be ignored for this session
DevTools listening on ws://127.0.0.1:63948/devtools/browser/998893c8-4567-40d9-9404-03535c8c2c66
console.error: services.settings: 
  main/search-config-v2 Signature failed  InvalidSignatureError: Invalid content signature (main/search-config-v2) using 'remote-settings.content-signature.mozilla.org-2024-01-19-16-42-21.chain'
console.error: services.settings: 
  main/search-config-v2 local data was corrupted
console.warn: services.settings: main/search-config-v2 Signature verified failed. Retry from scratch
JavaScript error: , line 0: NS_ERROR_NOT_AVAILABLE
1:55029
1702957442088	mozrunner::runner	INFO	Running command: "C:\\Program Files\\Mozilla Firefox\\firefox.exe" "--marionette" "--remote-debugging-port" "55030" "--remote-allow-hosts" "localhost" "-no-remote" "-profile" "C:\\Users\\DIEP~1.HUY\\AppData\\Local\\Temp\\rust_mozprofileRB4Uva"
console.warn: services.settings: Ignoring preference override of remote settings server
console.warn: services.settings: Allow by setting MOZ_REMOTE_SETTINGS_DEVTOOLS=1 in the environment
1702957442335	Marionette	INFO	Marionette enabled
Dynamically enable window occlusion 0
console.error: Policies.jsm: 
  OfferToSaveLoginsDefault ignored because OfferToSaveLogins is present.
1702957442396	Marionette	INFO	Listening on port 55032
WebDriver BiDi listening on ws://127.0.0.1:55030
Read port: 55032
1702957442576	RemoteAgent	WARN	TLS certificate errors will be ignored for this session
DevTools listening on ws://127.0.0.1:55030/devtools/browser/9b4c7c49-4229-485d-b190-e1b57349af81
console.error: services.settings: 
  main/search-config-v2 Signature failed  InvalidSignatureError: Invalid content signature (main/search-config-v2) using 'remote-settings.content-signature.mozilla.org-2024-01-19-16-42-21.chain'
console.error: services.settings: 
  main/search-config-v2 local data was corrupted
console.warn: services.settings: main/search-config-v2 Signature verified failed. Retry from scratch
1702957562700	Marionette	INFO	Stopped listening on port 55032
Dynamically enable window occlusion 1
1702957566844	geckodriver	INFO	Listening on 127.0.0.1:59365
1702957569861	mozrunner::runner	INFO	Running command: "C:\\Program Files\\Mozilla Firefox\\firefox.exe" "--marionette" "--remote-debugging-port" "59366" "--remote-allow-hosts" "localhost" "-no-remote" "-profile" "C:\\Users\\DIEP~1.HUY\\AppData\\Local\\Temp\\rust_mozprofilecsmyKC"
console.warn: services.settings: Ignoring preference override of remote settings server
console.warn: services.settings: Allow by setting MOZ_REMOTE_SETTINGS_DEVTOOLS=1 in the environment
1702957570115	Marionette	INFO	Marionette enabled
Dynamically enable window occlusion 0
console.error: Policies.jsm: 
  OfferToSaveLoginsDefault ignored because OfferToSaveLogins is present.
1702957570170	Marionette	INFO	Listening on port 51769
WebDriver BiDi listening on ws://127.0.0.1:59366
Read port: 51769
1702957570309	RemoteAgent	WARN	TLS certificate errors will be ignored for this session
DevTools listening on ws://127.0.0.1:59366/devtools/browser/29192451-d42f-40c3-b9f3-abf0c00d267a
console.error: services.settings: 
  main/search-config-v2 Signature failed  InvalidSignatureError: Invalid content signature (main/search-config-v2) using 'remote-settings.content-signature.mozilla.org-2024-01-19-16-42-21.chain'
console.error: services.settings: 
  main/search-config-v2 local data was corrupted
console.warn: services.settings: main/search-config-v2 Signature verified failed. Retry from scratch
JavaScript error: , line 0: NS_ERROR_NOT_AVAILABLE
1702994154968	geckodriver	INFO	Listening on 127.0.0.1:53357
1702994158039	mozrunner::runner	INFO	Running command: "C:\\Program Files\\Mozilla Firefox\\firefox.exe" "--marionette" "--remote-debugging-port" "53358" "--remote-allow-hosts" "localhost" "-no-remote" "-profile" "C:\\Users\\Diep\\AppData\\Local\\Temp\\rust_mozprofile9Vsenr"
console.warn: services.settings: Ignoring preference override of remote settings server
console.warn: services.settings: Allow by setting MOZ_REMOTE_SETTINGS_DEVTOOLS=1 in the environment
1702994158269	Marionette	INFO	Marionette enabled
Dynamically enable window occlusion 0
1702994158324	Marionette	INFO	Listening on port 50277
WebDriver BiDi listening on ws://127.0.0.1:53358
Read port: 50277
1702994158461	RemoteAgent	WARN	TLS certificate errors will be ignored for this session
DevTools listening on ws://127.0.0.1:53358/devtools/browser/66c265c7-49e6-41e1-88e6-c6c669ca4b4d
1702994159743	Marionette	WARN	Ignoring event 'pageshow' because document has an invalid readyState of 'uninitialized'.
1702994163794	Marionette	INFO	Stopped listening on port 50277
Dynamically enable window occlusion 1
1702994195362	geckodriver	INFO	Listening on 127.0.0.1:53175
1702994198425	mozrunner::runner	INFO	Running command: "C:\\Program Files\\Mozilla Firefox\\firefox.exe" "--marionette" "--remote-debugging-port" "53176" "--remote-allow-hosts" "localhost" "-no-remote" "-profile" "C:\\Users\\Diep\\AppData\\Local\\Temp\\rust_mozprofilevjDuLi"
console.warn: services.settings: Ignoring preference override of remote settings server
console.warn: services.settings: Allow by setting MOZ_REMOTE_SETTINGS_DEVTOOLS=1 in the environment
1702994198624	Marionette	INFO	Marionette enabled
Dynamically enable window occlusion 0
1702994198674	Marionette	INFO	Listening on port 54700
WebDriver BiDi listening on ws://127.0.0.1:53176
Read port: 54700
1702994198795	RemoteAgent	WARN	TLS certificate errors will be ignored for this session
DevTools listening on ws://127.0.0.1:53176/devtools/browser/c5693433-2d2c-45c9-aed2-ae68ba2723e0
1702994228645	addons.xpi	ERROR	System addon update list error SyntaxError: XMLHttpRequest.open: 'http://%(server)s/dummy-system-addons.xml' is not a valid URL.
console.error: services.settings: 
  main/search-config-v2 Signature failed  InvalidSignatureError: Invalid content signature (main/search-config-v2) using 'remote-settings.content-signature.mozilla.org-2024-01-19-16-42-21.chain'
console.error: services.settings: 
  main/search-config-v2 local data was corrupted
console.warn: services.settings: main/search-config-v2 Signature verified failed. Retry from scratch
1702994500993	Marionette	INFO	Stopped listening on port 54700
Dynamically enable window occlusion 1
1702994510511	geckodriver	INFO	Listening on 127.0.0.1:56717
1702994513593	mozrunner::runner	INFO	Running command: "C:\\Program Files\\Mozilla Firefox\\firefox.exe" "--marionette" "--remote-debugging-port" "56718" "--remote-allow-hosts" "localhost" "-no-remote" "-profile" "C:\\Users\\Diep\\AppData\\Local\\Temp\\rust_mozprofilelqfYG0"
console.warn: services.settings: Ignoring preference override of remote settings server
console.warn: services.settings: Allow by setting MOZ_REMOTE_SETTINGS_DEVTOOLS=1 in the environment
1702994513802	Marionette	INFO	Marionette enabled
Dynamically enable window occlusion 0
1702994513851	Marionette	INFO	Listening on port 59974
WebDriver BiDi listening on ws://127.0.0.1:56718
Read port: 59974
1702994513970	RemoteAgent	WARN	TLS certificate errors will be ignored for this session
DevTools listening on ws://127.0.0.1:56718/devtools/browser/bafb4db9-98e3-47ac-b6ce-3e5d3d6296f1
1702994543822	addons.xpi	ERROR	System addon update list error SyntaxError: XMLHttpRequest.open: 'http://%(server)s/dummy-system-addons.xml' is not a valid URL.
console.error: services.settings: 
  main/search-config-v2 Signature failed  InvalidSignatureError: Invalid content signature (main/search-config-v2) using 'remote-settings.content-signature.mozilla.org-2024-01-19-16-42-21.chain'
console.error: services.settings: 
  main/search-config-v2 local data was corrupted
console.warn: services.settings: main/search-config-v2 Signature verified failed. Retry from scratch
JavaScript warning: https://www.google.com/xjs/_/js/k=xjs.s.vi.CP9pxblDwE8.O/am=ACAAACoQAAAAAAAAAAAAAABAAAAAAAAEISAcAtgAAfDLIABAABAAAAWiikIAAwCBgM9_QgAAAAAAAEyAwACQBZAKP0MAAMAEqgDsAAAAACDYDwABBAAQEAAAAwAAIENDITiAEFACAgAAAMgDgOcBDAcRFgAAAAAAAAAAAAAEPEEwOCD9ERAAAQAAAAAAAAAAAABS0uTlAAIAYA/d=1/ed=1/dg=2/rs=ACT90oHGdCiZWJMP_HIBHFWZIbrd8oVkhQ/ee=cEt90b:ws9Tlc;qddgKe:x4FYXe,d7YSfd;yxTchf:KUM7Z;dtl0hd:lLQWFe;eHDfl:ofjVkb;qaS3gd:yiLg6e;nAFL3:NTMZac,s39S4;oGtAuc:sOXFj;iFQyKf:vfuNJf,QIhFr;SNUn3:ZwDk9d,x8cHvb;io8t5d:sgY6Zb;Oj465e:KG2eXe,KG2eXe;Erl4fe:FloWmf,FloWmf;JsbNhc:Xd8iUd;sP4Vbe:VwDzFe;kMFpHd:OTA3Ae;uY49fb:COQbmf;Pjplud:PoEs9b,EEDORb;QGR0gd:Mlhmy;a56pNe:JEfCwb;Me32dd:MEeYgc;wR5FRb:TtcOte,O1Gjze;pXdRYb:JKoKVe;dIoSBb:ZgGg9b;EmZ2Bf:zr1jrb;NSEoX:lazG7b;eBAeSb:Ck63tb;WCEKNd:I46Hvd;wV5Pjc:L8KGxe;EVNhjf:pw70Gc;sTsDMc:kHVSUb;wQlYve:aLUfP;zOsCQe:Ko78Df;KcokUb:KiuZBf;kbAm9d:MkHyGd;g8nkx:U4MzKc;YV5bee:IvPZ6d;IoGlCf:b5lhvb;w9w86d:dt4g2b;ESrPQc:mNTJvc;bFZ6gf:RsDQqe;JXS8fb:Qj0suc;UyG7Kb:wQd0G;LsNahb:ucGLNb;xBbsrc:NEW1Qc;tosKvd:ZCqP3;vfVwPd:lcrkwe;GleZL:J1A7Od;bcPXSc:gSZLJb;VN6jIc:ddQyuf;oUlnpc:RagDlc;CxXAWb:YyRLvc;VGRfx:VFqbr;EABSZ:MXZt9d;DpcR3d:zL72xf;NPKaK:SdcwHb;LBgRLc:XVMNvd,SdcwHb;ZWEUA:afR4Cf;qZx2Fc:j0xrE;lzgfYb:PI40bd;pNsl2d:j9Yuyc;VsAqSb:PGf2Re;R9Ulx:CR7Ufe;kY7VAf:d91TEb;KpRAue:Tia57b;jY0zg:Q6tNgc;coJ8e:KvoW8;oSUNyd:fTfGO,fTfGO,pnvXVc;SMDL4c:fTfGO,pnvXVc;aZ61od:arTwJ;w4rSdf:XKiZ9;h3MYod:cEt90b;eO3lse:nFClrf;zaIgPb:Qtpxbd;HMDDWe:G8QUdb;ShpF6e:N0pvGc;k2Qxcb:XY51pe;IBADCc:RYquRb;pKJiXd:VCenhc;rQSrae:C6D5Fc;kCQyJ:ueyPK;qavrXe:zQzcXe,mYbt1d;TxfV6d:YORN0b;UDrY1c:eps46d;F9mqte:UoRcbe;Nyt6ic:jn2sGd;w3bZCb:ZPGaIb;G0KhTb:LIaoZ;XUezZ:sa7lqb;aAJE9c:WHW6Ef;V2HTTe:RolTY;Wfmdue:g3MJlb;imqimf:jKGL2e;BgS6mb:fidj5d;gtVSi:ekUOYd;KQzWid:ZMKkN;UVmjEd:EesRsb;z97YGf:oug9te;AfeaP:TkrAjf;eBZ5Nd:audvde;OgagBe:cNTe0;SLtqO:Kh1xYe;VOcgDe:YquhTb;uuQkY:u2V3ud;WDGyFe:jcVOxd;trZL0b:qY8PFe;VxQ32b:k0XsBb;DULqB:RKfG5c;Np8Qkd:Dpx6qc;cFTWae:gT8qnd;gaub4:TN6bMe;hjRo6e:F62sG;BjwMce:cXX2Wb;yGxLoc:FmAr0c;pj82le:mg5CW;dLlj2:Qqt3Gf;qGV2uc:HHi04c;R2kc8b:ALJqWb;EnlcNd:WeHg4;Q1Ow7b:x5CSu;okUaUd:wItadb;xbe2wc:wbTLEd;KOxcK:bFOvTc;G6wU6e:hezEbd;uknmt:GkPrzb;U96pRd:FsR04;PqHfGe:im2cZe;heHB1:sFczq;Fmv9Nc:O1Tzwc;hK67qb:QWEO5b;BMxAGc:E5bFse;R4IIIb:QWfeKf;whEZac:F4AmNb;tH4IIe:Ymry6;lkq0A:JyBE3e;daB6be:lMxGPd;LEikZe:byfTOb,lsjVmc/m=attn,cdos,cr,gwc,hsm,jsa,mb4ZUb,d,csi,cEt90b,SNUn3,qddgKe,sTsDMc,dtl0hd,eHDfl, line 404: Script terminated by timeout at:
_.Lk@https://www.google.com/xjs/_/js/k=xjs.s.vi.CP9pxblDwE8.O/am=ACAAACoQAAAAAAAAAAAAAABAAAAAAAAEISAcAtgAAfDLIABAABAAAAWiikIAAwCBgM9_QgAAAAAAAEyAwACQBZAKP0MAAMAEqgDsAAAAACDYDwABBAAQEAAAAwAAIENDITiAEFACAgAAAMgDgOcBDAcRFgAAAAAAAAAAAAAEPEEwOCD9ERAAAQAAAAAAAAAAAABS0uTlAAIAYA/d=1/ed=1/dg=2/rs=ACT90oHGdCiZWJMP_HIBHFWZIbrd8oVkhQ/ee=cEt90b:ws9Tlc;qddgKe:x4FYXe,d7YSfd;yxTchf:KUM7Z;dtl0hd:lLQWFe;eHDfl:ofjVkb;qaS3gd:yiLg6e;nAFL3:NTMZac,s39S4;oGtAuc:sOXFj;iFQyKf:vfuNJf,QIhFr;SNUn3:ZwDk9d,x8cHvb;io8t5d:sgY6Zb;Oj465e:KG2eXe,KG2eXe;Erl4fe:FloWmf,FloWmf;JsbNhc:Xd8iUd;sP4Vbe:VwDzFe;kMFpHd:OTA3Ae;uY49fb:COQbmf;Pjplud:PoEs9b,EEDORb;QGR0gd:Mlhmy;a56pNe:JEfCwb;Me32dd:MEeYgc;wR5FRb:TtcOte,O1Gjze;pXdRYb:JKoKVe;dIoSBb:ZgGg9b;EmZ2Bf:zr1jrb;NSEoX:lazG7b;eBAeSb:Ck63tb;WCEKNd:I46Hvd;wV5Pjc:L8KGxe;EVNhjf:pw70Gc;sTsDMc:kHVSUb;wQlYve:aLUfP;zOsCQe:Ko78Df;KcokUb:KiuZBf;kbAm9d:MkHyGd;g8nkx:U4MzKc;YV5bee:IvPZ6d;IoGlCf:b5lhvb;w9w86d:dt4g2b;ESrPQc:mNTJvc;bFZ6gf:RsDQqe;JXS8fb:Qj0suc;UyG7Kb:wQd0G;LsNahb:ucGLNb;xBbsrc:NEW1Qc;tosKvd:ZCqP3;vfVwPd:lcrkwe;GleZL:J1A7Od;bcPXSc:gSZLJb;VN6jIc:ddQyuf;oUlnpc:RagDlc;CxXAWb:YyRLvc;VGRfx:VFqbr;EABSZ:MXZt9d;DpcR3d:zL72xf;NPKaK:SdcwHb;LBgRLc:XVMNvd,SdcwHb;ZWEUA:afR4Cf;qZx2Fc:j0xrE;lzgfYb:PI40bd;pNsl2d:j9Yuyc;VsAqSb:PGf2Re;R9Ulx:CR7Ufe;kY7VAf:d91TEb;KpRAue:Tia57b;jY0zg:Q6tNgc;coJ8e:KvoW8;oSUNyd:fTfGO,fTfGO,pnvXVc;SMDL4c:fTfGO,pnvXVc;aZ61od:arTwJ;w4rSdf:XKiZ9;h3MYod:cEt90b;eO3lse:nFClrf;zaIgPb:Qtpxbd;HMDDWe:G8QUdb;ShpF6e:N0pvGc;k2Qxcb:XY51pe;IBADCc:RYquRb;pKJiXd:VCenhc;rQSrae:C6D5Fc;kCQyJ:ueyPK;qavrXe:zQzcXe,mYbt1d;TxfV6d:YORN0b;UDrY1c:eps46d;F9mqte:UoRcbe;Nyt6ic:jn2sGd;w3bZCb:ZPGaIb;G0KhTb:LIaoZ;XUezZ:sa7lqb;aAJE9c:WHW6Ef;V2HTTe:RolTY;Wfmdue:g3MJlb;imqimf:jKGL2e;BgS6mb:fidj5d;gtVSi:ekUOYd;KQzWid:ZMKkN;UVmjEd:EesRsb;z97YGf:oug9te;AfeaP:TkrAjf;eBZ5Nd:audvde;OgagBe:cNTe0;SLtqO:Kh1xYe;VOcgDe:YquhTb;uuQkY:u2V3ud;WDGyFe:jcVOxd;trZL0b:qY8PFe;VxQ32b:k0XsBb;DULqB:RKfG5c;Np8Qkd:Dpx6qc;cFTWae:gT8qnd;gaub4:TN6bMe;hjRo6e:F62sG;BjwMce:cXX2Wb;yGxLoc:FmAr0c;pj82le:mg5CW;dLlj2:Qqt3Gf;qGV2uc:HHi04c;R2kc8b:ALJqWb;EnlcNd:WeHg4;Q1Ow7b:x5CSu;okUaUd:wItadb;xbe2wc:wbTLEd;KOxcK:bFOvTc;G6wU6e:hezEbd;uknmt:GkPrzb;U96pRd:FsR04;PqHfGe:im2cZe;heHB1:sFczq;Fmv9Nc:O1Tzwc;hK67qb:QWEO5b;BMxAGc:E5bFse;R4IIIb:QWfeKf;whEZac:F4AmNb;tH4IIe:Ymry6;lkq0A:JyBE3e;daB6be:lMxGPd;LEikZe:byfTOb,lsjVmc/m=attn,cdos,cr,gwc,hsm,jsa,mb4ZUb,d,csi,cEt90b,SNUn3,qddgKe,sTsDMc,dtl0hd,eHDfl:404:174
_.Ok@https://www.google.com/xjs/_/js/k=xjs.s.vi.CP9pxblDwE8.O/am=ACAAACoQAAAAAAAAAAAAAABAAAAAAAAEISAcAtgAAfDLIABAABAAAAWiikIAAwCBgM9_QgAAAAAAAEyAwACQBZAKP0MAAMAEqgDsAAAAACDYDwABBAAQEAAAAwAAIENDITiAEFACAgAAAMgDgOcBDAcRFgAAAAAAAAAAAAAEPEEwOCD9ERAAAQAAAAAAAAAAAABS0uTlAAIAYA/d=1/ed=1/dg=2/rs=ACT90oHGdCiZWJMP_HIBHFWZIbrd8oVkhQ/ee=cEt90b:ws9Tlc;qddgKe:x4FYXe,d7YSfd;yxTchf:KUM7Z;dtl0hd:lLQWFe;eHDfl:ofjVkb;qaS3gd:yiLg6e;nAFL3:NTMZac,s39S4;oGtAuc:sOXFj;iFQyKf:vfuNJf,QIhFr;SNUn3:ZwDk9d,x8cHvb;io8t5d:sgY6Zb;Oj465e:KG2eXe,KG2eXe;Erl4fe:FloWmf,FloWmf;JsbNhc:Xd8iUd;sP4Vbe:VwDzFe;kMFpHd:OTA3Ae;uY49fb:COQbmf;Pjplud:PoEs9b,EEDORb;QGR0gd:Mlhmy;a56pNe:JEfCwb;Me32dd:MEeYgc;wR5FRb:TtcOte,O1Gjze;pXdRYb:JKoKVe;dIoSBb:ZgGg9b;EmZ2Bf:zr1jrb;NSEoX:lazG7b;eBAeSb:Ck63tb;WCEKNd:I46Hvd;wV5Pjc:L8KGxe;EVNhjf:pw70Gc;sTsDMc:kHVSUb;wQlYve:aLUfP;zOsCQe:Ko78Df;KcokUb:KiuZBf;kbAm9d:MkHyGd;g8nkx:U4MzKc;YV5bee:IvPZ6d;IoGlCf:b5lhvb;w9w86d:dt4g2b;ESrPQc:mNTJvc;bFZ6gf:RsDQqe;JXS8fb:Qj0suc;UyG7Kb:wQd0G;LsNahb:ucGLNb;xBbsrc:NEW1Qc;tosKvd:ZCqP3;vfVwPd:lcrkwe;GleZL:J1A7Od;bcPXSc:gSZLJb;VN6jIc:ddQyuf;oUlnpc:RagDlc;CxXAWb:YyRLvc;VGRfx:VFqbr;EABSZ:MXZt9d;DpcR3d:zL72xf;NPKaK:SdcwHb;LBgRLc:XVMNvd,SdcwHb;ZWEUA:afR4Cf;qZx2Fc:j0xrE;lzgfYb:PI40bd;pNsl2d:j9Yuyc;VsAqSb:PGf2Re;R9Ulx:CR7Ufe;kY7VAf:d91TEb;KpRAue:Tia57b;jY0zg:Q6tNgc;coJ8e:KvoW8;oSUNyd:fTfGO,fTfGO,pnvXVc;SMDL4c:fTfGO,pnvXVc;aZ61od:arTwJ;w4rSdf:XKiZ9;h3MYod:cEt90b;eO3lse:nFClrf;zaIgPb:Qtpxbd;HMDDWe:G8QUdb;ShpF6e:N0pvGc;k2Qxcb:XY51pe;IBADCc:RYquRb;pKJiXd:VCenhc;rQSrae:C6D5Fc;kCQyJ:ueyPK;qavrXe:zQzcXe,mYbt1d;TxfV6d:YORN0b;UDrY1c:eps46d;F9mqte:UoRcbe;Nyt6ic:jn2sGd;w3bZCb:ZPGaIb;G0KhTb:LIaoZ;XUezZ:sa7lqb;aAJE9c:WHW6Ef;V2HTTe:RolTY;Wfmdue:g3MJlb;imqimf:jKGL2e;BgS6mb:fidj5d;gtVSi:ekUOYd;KQzWid:ZMKkN;UVmjEd:EesRsb;z97YGf:oug9te;AfeaP:TkrAjf;eBZ5Nd:audvde;OgagBe:cNTe0;SLtqO:Kh1xYe;VOcgDe:YquhTb;uuQkY:u2V3ud;WDGyFe:jcVOxd;trZL0b:qY8PFe;VxQ32b:k0XsBb;DULqB:RKfG5c;Np8Qkd:Dpx6qc;cFTWae:gT8qnd;gaub4:TN6bMe;hjRo6e:F62sG;BjwMce:cXX2Wb;yGxLoc:FmAr0c;pj82le:mg5CW;dLlj2:Qqt3Gf;qGV2uc:HHi04c;R2kc8b:ALJqWb;EnlcNd:WeHg4;Q1Ow7b:x5CSu;okUaUd:wItadb;xbe2wc:wbTLEd;KOxcK:bFOvTc;G6wU6e:hezEbd;uknmt:GkPrzb;U96pRd:FsR04;PqHfGe:im2cZe;heHB1:sFczq;Fmv9Nc:O1Tzwc;hK67qb:QWEO5b;BMxAGc:E5bFse;R4IIIb:QWfeKf;whEZac:F4AmNb;tH4IIe:Ymry6;lkq0A:JyBE3e;daB6be:lMxGPd;LEikZe:byfTOb,lsjVmc/m=attn,cdos,cr,gwc,hsm,jsa,mb4ZUb,d,csi,cEt90b,SNUn3,qddgKe,sTsDMc,dtl0hd,eHDfl:409:1035
qwa@https://www.google.com/xjs/_/js/k=xjs.s.vi.CP9pxblDwE8.O/am=ACAAACoQAAAAAAAAAAAAAABAAAAAAAAEISAcAtgAAfDLIABAABAAAAWiikIAAwCBgM9_QgAAAAAAAEyAwACQBZAKP0MAAMAEqgDsAAAAACDYDwABBAAQEAAAAwAAIENDITiAEFACAgAAAMgDgOcBDAcRFgAAAAAAAAAAAAAEPEEwOCD9ERAAAQAAAAAAAAAAAABS0uTlAAIAYA/d=1/ed=1/dg=2/rs=ACT90oHGdCiZWJMP_HIBHFWZIbrd8oVkhQ/ee=cEt90b:ws9Tlc;qddgKe:x4FYXe,d7YSfd;yxTchf:KUM7Z;dtl0hd:lLQWFe;eHDfl:ofjVkb;qaS3gd:yiLg6e;nAFL3:NTMZac,s39S4;oGtAuc:sOXFj;iFQyKf:vfuNJf,QIhFr;SNUn3:ZwDk9d,x8cHvb;io8t5d:sgY6Zb;Oj465e:KG2eXe,KG2eXe;Erl4fe:FloWmf,FloWmf;JsbNhc:Xd8iUd;sP4Vbe:VwDzFe;kMFpHd:OTA3Ae;uY49fb:COQbmf;Pjplud:PoEs9b,EEDORb;QGR0gd:Mlhmy;a56pNe:JEfCwb;Me32dd:MEeYgc;wR5FRb:TtcOte,O1Gjze;pXdRYb:JKoKVe;dIoSBb:ZgGg9b;EmZ2Bf:zr1jrb;NSEoX:lazG7b;eBAeSb:Ck63tb;WCEKNd:I46Hvd;wV5Pjc:L8KGxe;EVNhjf:pw70Gc;sTsDMc:kHVSUb;wQlYve:aLUfP;zOsCQe:Ko78Df;KcokUb:KiuZBf;kbAm9d:MkHyGd;g8nkx:U4MzKc;YV5bee:IvPZ6d;IoGlCf:b5lhvb;w9w86d:dt4g2b;ESrPQc:mNTJvc;bFZ6gf:RsDQqe;JXS8fb:Qj0suc;UyG7Kb:wQd0G;LsNahb:ucGLNb;xBbsrc:NEW1Qc;tosKvd:ZCqP3;vfVwPd:lcrkwe;GleZL:J1A7Od;bcPXSc:gSZLJb;VN6jIc:ddQyuf;oUlnpc:RagDlc;CxXAWb:YyRLvc;VGRfx:VFqbr;EABSZ:MXZt9d;DpcR3d:zL72xf;NPKaK:SdcwHb;LBgRLc:XVMNvd,SdcwHb;ZWEUA:afR4Cf;qZx2Fc:j0xrE;lzgfYb:PI40bd;pNsl2d:j9Yuyc;VsAqSb:PGf2Re;R9Ulx:CR7Ufe;kY7VAf:d91TEb;KpRAue:Tia57b;jY0zg:Q6tNgc;coJ8e:KvoW8;oSUNyd:fTfGO,fTfGO,pnvXVc;SMDL4c:fTfGO,pnvXVc;aZ61od:arTwJ;w4rSdf:XKiZ9;h3MYod:cEt90b;eO3lse:nFClrf;zaIgPb:Qtpxbd;HMDDWe:G8QUdb;ShpF6e:N0pvGc;k2Qxcb:XY51pe;IBADCc:RYquRb;pKJiXd:VCenhc;rQSrae:C6D5Fc;kCQyJ:ueyPK;qavrXe:zQzcXe,mYbt1d;TxfV6d:YORN0b;UDrY1c:eps46d;F9mqte:UoRcbe;Nyt6ic:jn2sGd;w3bZCb:ZPGaIb;G0KhTb:LIaoZ;XUezZ:sa7lqb;aAJE9c:WHW6Ef;V2HTTe:RolTY;Wfmdue:g3MJlb;imqimf:jKGL2e;BgS6mb:fidj5d;gtVSi:ekUOYd;KQzWid:ZMKkN;UVmjEd:EesRsb;z97YGf:oug9te;AfeaP:TkrAjf;eBZ5Nd:audvde;OgagBe:cNTe0;SLtqO:Kh1xYe;VOcgDe:YquhTb;uuQkY:u2V3ud;WDGyFe:jcVOxd;trZL0b:qY8PFe;VxQ32b:k0XsBb;DULqB:RKfG5c;Np8Qkd:Dpx6qc;cFTWae:gT8qnd;gaub4:TN6bMe;hjRo6e:F62sG;BjwMce:cXX2Wb;yGxLoc:FmAr0c;pj82le:mg5CW;dLlj2:Qqt3Gf;qGV2uc:HHi04c;R2kc8b:ALJqWb;EnlcNd:WeHg4;Q1Ow7b:x5CSu;okUaUd:wItadb;xbe2wc:wbTLEd;KOxcK:bFOvTc;G6wU6e:hezEbd;uknmt:GkPrzb;U96pRd:FsR04;PqHfGe:im2cZe;heHB1:sFczq;Fmv9Nc:O1Tzwc;hK67qb:QWEO5b;BMxAGc:E5bFse;R4IIIb:QWfeKf;whEZac:F4AmNb;tH4IIe:Ymry6;lkq0A:JyBE3e;daB6be:lMxGPd;LEikZe:byfTOb,lsjVmc/m=attn,cdos,cr,gwc,hsm,jsa,mb4ZUb,d,csi,cEt90b,SNUn3,qddgKe,sTsDMc,dtl0hd,eHDfl:421:347
b@https://www.google.com/xjs/_/js/k=xjs.s.vi.CP9pxblDwE8.O/am=ACAAACoQAAAAAAAAAAAAAABAAAAAAAAEISAcAtgAAfDLIABAABAAAAWiikIAAwCBgM9_QgAAAAAAAEyAwACQBZAKP0MAAMAEqgDsAAAAACDYDwABBAAQEAAAAwAAIENDITiAEFACAgAAAMgDgOcBDAcRFgAAAAAAAAAAAAAEPEEwOCD9ERAAAQAAAAAAAAAAAABS0uTlAAIAYA/d=1/ed=1/dg=2/rs=ACT90oHGdCiZWJMP_HIBHFWZIbrd8oVkhQ/ee=cEt90b:ws9Tlc;qddgKe:x4FYXe,d7YSfd;yxTchf:KUM7Z;dtl0hd:lLQWFe;eHDfl:ofjVkb;qaS3gd:yiLg6e;nAFL3:NTMZac,s39S4;oGtAuc:sOXFj;iFQyKf:vfuNJf,QIhFr;SNUn3:ZwDk9d,x8cHvb;io8t5d:sgY6Zb;Oj465e:KG2eXe,KG2eXe;Erl4fe:FloWmf,FloWmf;JsbNhc:Xd8iUd;sP4Vbe:VwDzFe;kMFpHd:OTA3Ae;uY49fb:COQbmf;Pjplud:PoEs9b,EEDORb;QGR0gd:Mlhmy;a56pNe:JEfCwb;Me32dd:MEeYgc;wR5FRb:TtcOte,O1Gjze;pXdRYb:JKoKVe;dIoSBb:ZgGg9b;EmZ2Bf:zr1jrb;NSEoX:lazG7b;eBAeSb:Ck63tb;WCEKNd:I46Hvd;wV5Pjc:L8KGxe;EVNhjf:pw70Gc;sTsDMc:kHVSUb;wQlYve:aLUfP;zOsCQe:Ko78Df;KcokUb:KiuZBf;kbAm9d:MkHyGd;g8nkx:U4MzKc;YV5bee:IvPZ6d;IoGlCf:b5lhvb;w9w86d:dt4g2b;ESrPQc:mNTJvc;bFZ6gf:RsDQqe;JXS8fb:Qj0suc;UyG7Kb:wQd0G;LsNahb:ucGLNb;xBbsrc:NEW1Qc;tosKvd:ZCqP3;vfVwPd:lcrkwe;GleZL:J1A7Od;bcPXSc:gSZLJb;VN6jIc:ddQyuf;oUlnpc:RagDlc;CxXAWb:YyRLvc;VGRfx:VFqbr;EABSZ:MXZt9d;DpcR3d:zL72xf;NPKaK:SdcwHb;LBgRLc:XVMNvd,SdcwHb;ZWEUA:afR4Cf;qZx2Fc:j0xrE;lzgfYb:PI40bd;pNsl2d:j9Yuyc;VsAqSb:PGf2Re;R9Ulx:CR7Ufe;kY7VAf:d91TEb;KpRAue:Tia57b;jY0zg:Q6tNgc;coJ8e:KvoW8;oSUNyd:fTfGO,fTfGO,pnvXVc;SMDL4c:fTfGO,pnvXVc;aZ61od:arTwJ;w4rSdf:XKiZ9;h3MYod:cEt90b;eO3lse:nFClrf;zaIgPb:Qtpxbd;HMDDWe:G8QUdb;ShpF6e:N0pvGc;k2Qxcb:XY51pe;IBADCc:RYquRb;pKJiXd:VCenhc;rQSrae:C6D5Fc;kCQyJ:ueyPK;qavrXe:zQzcXe,mYbt1d;TxfV6d:YORN0b;UDrY1c:eps46d;F9mqte:UoRcbe;Nyt6ic:jn2sGd;w3bZCb:ZPGaIb;G0KhTb:LIaoZ;XUezZ:sa7lqb;aAJE9c:WHW6Ef;V2HTTe:RolTY;Wfmdue:g3MJlb;imqimf:jKGL2e;BgS6mb:fidj5d;gtVSi:ekUOYd;KQzWid:ZMKkN;UVmjEd:EesRsb;z97YGf:oug9te;AfeaP:TkrAjf;eBZ5Nd:audvde;OgagBe:cNTe0;SLtqO:Kh1xYe;VOcgDe:YquhTb;uuQkY:u2V3ud;WDGyFe:jcVOxd;trZL0b:qY8PFe;VxQ32b:k0XsBb;DULqB:RKfG5c;Np8Qkd:Dpx6qc;cFTWae:gT8qnd;gaub4:TN6bMe;hjRo6e:F62sG;BjwMce:cXX2Wb;yGxLoc:FmAr0c;pj82le:mg5CW;dLlj2:Qqt3Gf;qGV2uc:HHi04c;R2kc8b:ALJqWb;EnlcNd:WeHg4;Q1Ow7b:x5CSu;okUaUd:wItadb;xbe2wc:wbTLEd;KOxcK:bFOvTc;G6wU6e:hezEbd;uknmt:GkPrzb;U96pRd:FsR04;PqHfGe:im2cZe;heHB1:sFczq;Fmv9Nc:O1Tzwc;hK67qb:QWEO5b;BMxAGc:E5bFse;R4IIIb:QWfeKf;whEZac:F4AmNb;tH4IIe:Ymry6;lkq0A:JyBE3e;daB6be:lMxGPd;LEikZe:byfTOb,lsjVmc/m=attn,cdos,cr,gwc,hsm,jsa,mb4ZUb,d,csi,cEt90b,SNUn3,qddgKe,sTsDMc,dtl0hd,eHDfl:417:49

1702996671629	Marionette	INFO	Stopped listening on port 59974
Dynamically enable window occlusion 1
ng command: "C:\\Program Files\\Mozilla Firefox\\firefox.exe" "--marionette" "--remote-debugging-port" "54779" "--remote-allow-hosts" "localhost" "-no-remote" "-profile" "C:\\Users\\Diep\\AppData\\Local\\Temp\\rust_mozprofilel3hzVt"
console.warn: services.settings: Ignoring preference override of remote settings server
console.warn: services.settings: Allow by setting MOZ_REMOTE_SETTINGS_DEVTOOLS=1 in the environment
1702996607678	Marionette	INFO	Marionette enabled
Dynamically enable window occlusion 0
1702996607729	Marionette	INFO	Listening on port 56745
WebDriver BiDi listening on ws://127.0.0.1:54779
Read port: 56745
1702996607847	RemoteAgent	WARN	TLS certificate errors will be ignored for this session
DevTools listening on ws://127.0.0.1:54779/devtools/browser/89d0848e-093c-460a-a5cb-40f0b2635d5e
1702996637701	addons.xpi	ERROR	System addon update list error SyntaxError: XMLHttpRequest.open: 'http://%(server)s/dummy-system-addons.xml' is not a valid URL.
console.error: services.settings: 
  main/search-config-v2 Signature failed  InvalidSignatureError: Invalid content signature (main/search-config-v2) using 'remote-settings.content-signature.mozilla.org-2024-01-19-16-42-21.chain'
console.error: services.settings: 
  main/search-config-v2 local data was corrupted
console.warn: services.settings: main/search-config-v2 Signature verified failed. Retry from scratch
1702996671924	Marionette	INFO	Stopped listening on port 56745
Dynamically enable window occlusion 1
